C:\Program Files (x86)\MSBuild\Microsoft.Cpp\v4.0\V140\Microsoft.CppBuild.targets(392,5): warning MSB8028: The intermediate directory (Release\) contains files shared from another project (SDL TEST.vcxproj, Soldier Vs Zombies 2.2.vcxproj, Soldiers Vs Zombies 2.0.vcxproj, Soldiers Vs Zombies 2.2.vcxproj).  This can lead to incorrect clean and rebuild behavior.
  Player.cpp
c:\users\baliofvfx\documents\visual studio 2015\projects\soldier vs zombies\soldier-vs-zombies\sdl\Player.h(112): warning C4305: 'initializing': truncation from 'double' to 'float'
Player.cpp(146): warning C4244: '-=': conversion from 'float' to 'int', possible loss of data
Player.cpp(148): warning C4552: '-': operator has no effect; expected operator with side-effect
Player.cpp(161): warning C4244: '+=': conversion from 'float' to 'int', possible loss of data
Player.cpp(174): warning C4244: '-=': conversion from 'float' to 'int', possible loss of data
Player.cpp(181): warning C4244: '+=': conversion from 'float' to 'int', possible loss of data
Player.cpp(204): warning C4244: '-=': conversion from 'double' to 'int', possible loss of data
Player.cpp(208): warning C4244: '+=': conversion from 'double' to 'int', possible loss of data
Player.cpp(250): warning C4244: '+=': conversion from 'float' to 'int', possible loss of data
Player.cpp(289): warning C4244: '-=': conversion from 'float' to 'int', possible loss of data
Player.cpp(332): warning C4244: '-=': conversion from 'float' to 'int', possible loss of data
Player.cpp(374): warning C4244: '-=': conversion from 'float' to 'int', possible loss of data
  Generating code
  0 of 564 functions ( 0.0%) were compiled, the rest were copied from previous compilation.
    0 functions were new in current compilation
    0 functions had inline decision re-evaluated but remain unchanged
  Finished generating code
  SDL.vcxproj -> C:\Users\BalioFVFX\Documents\Visual Studio 2015\Projects\Soldier Vs Zombies\Soldier-Vs-Zombies\Release\Soldier Vs Zombies 2.9.exe
  SDL.vcxproj -> C:\Users\BalioFVFX\Documents\Visual Studio 2015\Projects\Soldier Vs Zombies\Soldier-Vs-Zombies\Release\Soldier Vs Zombies 2.9.pdb (Full PDB)
